<?xml version="1.0" encoding="UTF-8"?>
<!-- Generated by org.testng.reporters.JUnitXMLReporter -->
<testsuite ignored="0" hostname="DESKTOP-IG5V1RQ" failures="0" tests="7" name="Default test" time="32.413" errors="0" timestamp="2024-10-21T18:13:50 EET">
  <testcase classname="MavenTestNGMavenTestNG.AutomationTestStore" name="Sigup" time="8.994"/>
  <testcase classname="MavenTestNGMavenTestNG.AutomationTestStore" name="Logout" time="3.774"/>
  <testcase classname="MavenTestNGMavenTestNG.AutomationTestStore" name="Login" time="1.844"/>
  <testcase classname="MavenTestNGMavenTestNG.AutomationTestStore" name="choseRandomProduct" time="0.904"/>
  <testcase classname="MavenTestNGMavenTestNG.AutomationTestStore" name="addToCart" time="13.313"/>
  <testcase classname="MavenTestNGMavenTestNG.AutomationTestStore" name="checkOut" time="0.648"/>
  <testcase classname="MavenTestNGMavenTestNG.AutomationTestStore" name="confiram" time="0.421"/>
</testsuite> <!-- Default test -->
