<?xml version="1.0" encoding="UTF-8"?>
<testng-results ignored="0" total="7" passed="7" failed="0" skipped="0">
  <reporter-output>
  </reporter-output>
  <suite started-at="2024-10-21T18:13:18 EET" name="Default suite" finished-at="2024-10-21T18:13:50 EET" duration-ms="32413">
    <groups>
    </groups>
    <test started-at="2024-10-21T18:13:18 EET" name="Default test" finished-at="2024-10-21T18:13:50 EET" duration-ms="32413">
      <class name="MavenTestNGMavenTestNG.AutomationTestStore">
        <test-method is-config="true" signature="Setup()[pri:0, instance:MavenTestNGMavenTestNG.AutomationTestStore@25bcd0c7]" started-at="2024-10-21T18:13:18 EET" name="Setup" finished-at="2024-10-21T18:13:20 EET" duration-ms="2046" status="PASS">
          <reporter-output>
          </reporter-output>
        </test-method> <!-- Setup -->
        <test-method signature="Sigup()[pri:1, instance:MavenTestNGMavenTestNG.AutomationTestStore@25bcd0c7]" started-at="2024-10-21T18:13:20 EET" name="Sigup" finished-at="2024-10-21T18:13:29 EET" duration-ms="8994" status="PASS">
          <reporter-output>
          </reporter-output>
        </test-method> <!-- Sigup -->
        <test-method signature="Logout()[pri:2, instance:MavenTestNGMavenTestNG.AutomationTestStore@25bcd0c7]" started-at="2024-10-21T18:13:29 EET" name="Logout" finished-at="2024-10-21T18:13:33 EET" duration-ms="3774" status="PASS">
          <reporter-output>
          </reporter-output>
        </test-method> <!-- Logout -->
        <test-method signature="Login()[pri:3, instance:MavenTestNGMavenTestNG.AutomationTestStore@25bcd0c7]" started-at="2024-10-21T18:13:33 EET" name="Login" finished-at="2024-10-21T18:13:35 EET" duration-ms="1844" status="PASS">
          <reporter-output>
          </reporter-output>
        </test-method> <!-- Login -->
        <test-method signature="choseRandomProduct()[pri:4, instance:MavenTestNGMavenTestNG.AutomationTestStore@25bcd0c7]" started-at="2024-10-21T18:13:35 EET" name="choseRandomProduct" finished-at="2024-10-21T18:13:36 EET" duration-ms="904" status="PASS">
          <reporter-output>
          </reporter-output>
        </test-method> <!-- choseRandomProduct -->
        <test-method signature="addToCart()[pri:5, instance:MavenTestNGMavenTestNG.AutomationTestStore@25bcd0c7]" started-at="2024-10-21T18:13:36 EET" name="addToCart" finished-at="2024-10-21T18:13:49 EET" duration-ms="13313" status="PASS">
          <reporter-output>
          </reporter-output>
        </test-method> <!-- addToCart -->
        <test-method signature="checkOut()[pri:6, instance:MavenTestNGMavenTestNG.AutomationTestStore@25bcd0c7]" started-at="2024-10-21T18:13:49 EET" name="checkOut" finished-at="2024-10-21T18:13:50 EET" duration-ms="648" status="PASS">
          <reporter-output>
          </reporter-output>
        </test-method> <!-- checkOut -->
        <test-method signature="confiram()[pri:7, instance:MavenTestNGMavenTestNG.AutomationTestStore@25bcd0c7]" started-at="2024-10-21T18:13:50 EET" name="confiram" finished-at="2024-10-21T18:13:50 EET" duration-ms="421" status="PASS">
          <reporter-output>
          </reporter-output>
        </test-method> <!-- confiram -->
        <test-method is-config="true" signature="Finsh()[pri:0, instance:MavenTestNGMavenTestNG.AutomationTestStore@25bcd0c7]" started-at="2024-10-21T18:13:50 EET" name="Finsh" finished-at="2024-10-21T18:13:50 EET" duration-ms="344" status="PASS">
          <reporter-output>
          </reporter-output>
        </test-method> <!-- Finsh -->
      </class> <!-- MavenTestNGMavenTestNG.AutomationTestStore -->
    </test> <!-- Default test -->
  </suite> <!-- Default suite -->
</testng-results>
